<?xml version="1.0" encoding="UTF-8"?>
<testsuite name="com.tabletka.ApplicationTests" tests="1" skipped="0" failures="0" errors="0" timestamp="2022-05-20T14:33:43" hostname="vladdd183-h310mh" time="0.067">
  <properties/>
  <testcase name="contextLoads()" classname="com.tabletka.ApplicationTests" time="0.067"/>
  <system-out><![CDATA[17:33:37.707 [Test worker] DEBUG org.springframework.test.context.BootstrapUtils - Instantiating CacheAwareContextLoaderDelegate from class [org.springframework.test.context.cache.DefaultCacheAwareContextLoaderDelegate]
17:33:37.716 [Test worker] DEBUG org.springframework.test.context.BootstrapUtils - Instantiating BootstrapContext using constructor [public org.springframework.test.context.support.DefaultBootstrapContext(java.lang.Class,org.springframework.test.context.CacheAwareContextLoaderDelegate)]
17:33:37.746 [Test worker] DEBUG org.springframework.test.context.BootstrapUtils - Instantiating TestContextBootstrapper for test class [com.tabletka.ApplicationTests] from class [org.springframework.boot.test.context.SpringBootTestContextBootstrapper]
17:33:37.757 [Test worker] INFO org.springframework.boot.test.context.SpringBootTestContextBootstrapper - Neither @ContextConfiguration nor @ContextHierarchy found for test class [com.tabletka.ApplicationTests], using SpringBootContextLoader
17:33:37.761 [Test worker] DEBUG org.springframework.test.context.support.AbstractContextLoader - Did not detect default resource location for test class [com.tabletka.ApplicationTests]: class path resource [com/tabletka/ApplicationTests-context.xml] does not exist
17:33:37.761 [Test worker] DEBUG org.springframework.test.context.support.AbstractContextLoader - Did not detect default resource location for test class [com.tabletka.ApplicationTests]: class path resource [com/tabletka/ApplicationTestsContext.groovy] does not exist
17:33:37.762 [Test worker] INFO org.springframework.test.context.support.AbstractContextLoader - Could not detect default resource locations for test class [com.tabletka.ApplicationTests]: no resource found for suffixes {-context.xml, Context.groovy}.
17:33:37.763 [Test worker] INFO org.springframework.test.context.support.AnnotationConfigContextLoaderUtils - Could not detect default configuration classes for test class [com.tabletka.ApplicationTests]: ApplicationTests does not declare any static, non-private, non-final, nested classes annotated with @Configuration.
17:33:37.798 [Test worker] DEBUG org.springframework.test.context.support.ActiveProfilesUtils - Could not find an 'annotation declaring class' for annotation type [org.springframework.test.context.ActiveProfiles] and class [com.tabletka.ApplicationTests]
17:33:37.857 [Test worker] DEBUG org.springframework.context.annotation.ClassPathScanningCandidateComponentProvider - Identified candidate component class: file [/run/media/vladdd183/2TB/Mirea/Java/CourseWork/build/classes/java/main/com/tabletka/Application.class]
17:33:37.858 [Test worker] INFO org.springframework.boot.test.context.SpringBootTestContextBootstrapper - Found @SpringBootConfiguration com.tabletka.Application for test class com.tabletka.ApplicationTests
17:33:37.935 [Test worker] DEBUG org.springframework.boot.test.context.SpringBootTestContextBootstrapper - @TestExecutionListeners is not present for class [com.tabletka.ApplicationTests]: using defaults.
17:33:37.935 [Test worker] INFO org.springframework.boot.test.context.SpringBootTestContextBootstrapper - Loaded default TestExecutionListener class names from location [META-INF/spring.factories]: [org.springframework.boot.test.autoconfigure.restdocs.RestDocsTestExecutionListener, org.springframework.boot.test.autoconfigure.web.client.MockRestServiceServerResetTestExecutionListener, org.springframework.boot.test.autoconfigure.web.servlet.MockMvcPrintOnlyOnFailureTestExecutionListener, org.springframework.boot.test.autoconfigure.web.servlet.WebDriverTestExecutionListener, org.springframework.boot.test.autoconfigure.webservices.client.MockWebServiceServerTestExecutionListener, org.springframework.boot.test.mock.mockito.MockitoTestExecutionListener, org.springframework.boot.test.mock.mockito.ResetMocksTestExecutionListener, org.springframework.test.context.web.ServletTestExecutionListener, org.springframework.test.context.support.DirtiesContextBeforeModesTestExecutionListener, org.springframework.test.context.event.ApplicationEventsTestExecutionListener, org.springframework.test.context.support.DependencyInjectionTestExecutionListener, org.springframework.test.context.support.DirtiesContextTestExecutionListener, org.springframework.test.context.transaction.TransactionalTestExecutionListener, org.springframework.test.context.jdbc.SqlScriptsTestExecutionListener, org.springframework.test.context.event.EventPublishingTestExecutionListener]
17:33:37.949 [Test worker] INFO org.springframework.boot.test.context.SpringBootTestContextBootstrapper - Using TestExecutionListeners: [org.springframework.test.context.web.ServletTestExecutionListener@438f9c3f, org.springframework.test.context.support.DirtiesContextBeforeModesTestExecutionListener@50c6bb84, org.springframework.test.context.event.ApplicationEventsTestExecutionListener@21a5aa81, org.springframework.boot.test.mock.mockito.MockitoTestExecutionListener@67e4d802, org.springframework.boot.test.autoconfigure.SpringBootDependencyInjectionTestExecutionListener@58b5cea5, org.springframework.test.context.support.DirtiesContextTestExecutionListener@3d4a54ac, org.springframework.test.context.transaction.TransactionalTestExecutionListener@31b70026, org.springframework.test.context.jdbc.SqlScriptsTestExecutionListener@7052eada, org.springframework.test.context.event.EventPublishingTestExecutionListener@6e4d293, org.springframework.boot.test.autoconfigure.restdocs.RestDocsTestExecutionListener@696419d7, org.springframework.boot.test.autoconfigure.web.client.MockRestServiceServerResetTestExecutionListener@605b82ed, org.springframework.boot.test.autoconfigure.web.servlet.MockMvcPrintOnlyOnFailureTestExecutionListener@738b006, org.springframework.boot.test.autoconfigure.web.servlet.WebDriverTestExecutionListener@27e88a38, org.springframework.boot.test.autoconfigure.webservices.client.MockWebServiceServerTestExecutionListener@6e8b95b3, org.springframework.boot.test.mock.mockito.ResetMocksTestExecutionListener@527b3e65]
17:33:37.952 [Test worker] DEBUG org.springframework.test.context.support.AbstractDirtiesContextTestExecutionListener - Before test class: context [DefaultTestContext@44660f75 testClass = ApplicationTests, testInstance = [null], testMethod = [null], testException = [null], mergedContextConfiguration = [WebMergedContextConfiguration@66a180c1 testClass = ApplicationTests, locations = '{}', classes = '{class com.tabletka.Application}', contextInitializerClasses = '[]', activeProfiles = '{}', propertySourceLocations = '{}', propertySourceProperties = '{org.springframework.boot.test.context.SpringBootTestContextBootstrapper=true}', contextCustomizers = set[org.springframework.boot.test.autoconfigure.actuate.metrics.MetricsExportContextCustomizerFactory$DisableMetricExportContextCustomizer@26cd820f, org.springframework.boot.test.autoconfigure.properties.PropertyMappingContextCustomizer@0, org.springframework.boot.test.autoconfigure.web.servlet.WebDriverContextCustomizerFactory$Customizer@12eaddbc, org.springframework.boot.test.context.filter.ExcludeFilterContextCustomizer@294273ed, org.springframework.boot.test.json.DuplicateJsonObjectContextCustomizerFactory$DuplicateJsonObjectContextCustomizer@68c45678, org.springframework.boot.test.mock.mockito.MockitoContextCustomizer@0, org.springframework.boot.test.web.client.TestRestTemplateContextCustomizer@43213159, org.springframework.boot.test.context.SpringBootTestArgs@1, org.springframework.boot.test.context.SpringBootTestWebEnvironment@4e51e0f], resourceBasePath = 'src/main/webapp', contextLoader = 'org.springframework.boot.test.context.SpringBootContextLoader', parent = [null]], attributes = map['org.springframework.test.context.web.ServletTestExecutionListener.activateListener' -> true]], class annotated with @DirtiesContext [false] with mode [null].
17:33:37.978 [Test worker] DEBUG org.springframework.test.context.support.TestPropertySourceUtils - Adding inlined properties to environment: {spring.jmx.enabled=false, org.springframework.boot.test.context.SpringBootTestContextBootstrapper=true}

  .   ____          _            __ _ _
 /\\ / ___'_ __ _ _(_)_ __  __ _ \ \ \ \
( ( )\___ | '_ | '_| | '_ \/ _` | \ \ \ \
 \\/  ___)| |_)| | | | | || (_| |  ) ) ) )
  '  |____| .__|_| |_|_| |_\__, | / / / /
 =========|_|==============|___/=/_/_/_/
 :: Spring Boot ::                (v2.4.4)

2022-05-20 17:33:38.223  INFO 58707 --- [    Test worker] com.tabletka.ApplicationTests            : Starting ApplicationTests using Java 1.8.0_332 on vladdd183-h310mh with PID 58707 (started by vladdd183 in /run/media/vladdd183/2TB/Mirea/Java/CourseWork)
2022-05-20 17:33:38.226  INFO 58707 --- [    Test worker] com.tabletka.ApplicationTests            : No active profile set, falling back to default profiles: default
2022-05-20 17:33:38.857  INFO 58707 --- [    Test worker] .s.d.r.c.RepositoryConfigurationDelegate : Bootstrapping Spring Data JPA repositories in DEFAULT mode.
2022-05-20 17:33:38.915  INFO 58707 --- [    Test worker] .s.d.r.c.RepositoryConfigurationDelegate : Finished Spring Data repository scanning in 50 ms. Found 3 JPA repository interfaces.
2022-05-20 17:33:39.526  INFO 58707 --- [    Test worker] o.hibernate.jpa.internal.util.LogHelper  : HHH000204: Processing PersistenceUnitInfo [name: default]
2022-05-20 17:33:39.652  INFO 58707 --- [    Test worker] org.hibernate.Version                    : HHH000412: Hibernate ORM core version 5.4.29.Final
2022-05-20 17:33:39.909  INFO 58707 --- [    Test worker] o.hibernate.annotations.common.Version   : HCANN000001: Hibernate Commons Annotations {5.1.2.Final}
2022-05-20 17:33:40.025  INFO 58707 --- [    Test worker] com.zaxxer.hikari.HikariDataSource       : HikariPool-1 - Starting...
2022-05-20 17:33:40.901  INFO 58707 --- [    Test worker] com.zaxxer.hikari.HikariDataSource       : HikariPool-1 - Start completed.
2022-05-20 17:33:40.934  INFO 58707 --- [    Test worker] org.hibernate.dialect.Dialect            : HHH000400: Using dialect: org.hibernate.dialect.MySQL8Dialect
2022-05-20 17:33:41.660  INFO 58707 --- [    Test worker] o.h.e.t.j.p.i.JtaPlatformInitiator       : HHH000490: Using JtaPlatform implementation: [org.hibernate.engine.transaction.jta.platform.internal.NoJtaPlatform]
2022-05-20 17:33:41.666  INFO 58707 --- [    Test worker] j.LocalContainerEntityManagerFactoryBean : Initialized JPA EntityManagerFactory for persistence unit 'default'
2022-05-20 17:33:42.438  WARN 58707 --- [    Test worker] JpaBaseConfiguration$JpaWebConfiguration : spring.jpa.open-in-view is enabled by default. Therefore, database queries may be performed during view rendering. Explicitly configure spring.jpa.open-in-view to disable this warning
2022-05-20 17:33:42.796  INFO 58707 --- [    Test worker] o.s.s.concurrent.ThreadPoolTaskExecutor  : Initializing ExecutorService 'applicationTaskExecutor'
2022-05-20 17:33:43.255  INFO 58707 --- [    Test worker] com.tabletka.ApplicationTests            : Started ApplicationTests in 5.272 seconds (JVM running for 6.252)
]]></system-out>
  <system-err><![CDATA[]]></system-err>
</testsuite>
