<?xml version="1.0" encoding="UTF-8"?>
<testsuite name="com.tabletka.DrugTest" tests="1" skipped="0" failures="0" errors="0" timestamp="2022-05-20T14:33:43" hostname="vladdd183-h310mh" time="0.074">
  <properties/>
  <testcase name="searchBook()" classname="com.tabletka.DrugTest" time="0.074"/>
  <system-out><![CDATA[2022-05-20 17:33:43.347  INFO 58707 --- [    Test worker] .b.t.c.SpringBootTestContextBootstrapper : Neither @ContextConfiguration nor @ContextHierarchy found for test class [com.tabletka.DrugTest], using SpringBootContextLoader
2022-05-20 17:33:43.348  INFO 58707 --- [    Test worker] o.s.t.c.support.AbstractContextLoader    : Could not detect default resource locations for test class [com.tabletka.DrugTest]: no resource found for suffixes {-context.xml, Context.groovy}.
2022-05-20 17:33:43.349  INFO 58707 --- [    Test worker] t.c.s.AnnotationConfigContextLoaderUtils : Could not detect default configuration classes for test class [com.tabletka.DrugTest]: DrugTest does not declare any static, non-private, non-final, nested classes annotated with @Configuration.
2022-05-20 17:33:43.350  INFO 58707 --- [    Test worker] .b.t.c.SpringBootTestContextBootstrapper : Found @SpringBootConfiguration com.tabletka.Application for test class com.tabletka.DrugTest
2022-05-20 17:33:43.352  INFO 58707 --- [    Test worker] .b.t.c.SpringBootTestContextBootstrapper : Loaded default TestExecutionListener class names from location [META-INF/spring.factories]: [org.springframework.boot.test.autoconfigure.restdocs.RestDocsTestExecutionListener, org.springframework.boot.test.autoconfigure.web.client.MockRestServiceServerResetTestExecutionListener, org.springframework.boot.test.autoconfigure.web.servlet.MockMvcPrintOnlyOnFailureTestExecutionListener, org.springframework.boot.test.autoconfigure.web.servlet.WebDriverTestExecutionListener, org.springframework.boot.test.autoconfigure.webservices.client.MockWebServiceServerTestExecutionListener, org.springframework.boot.test.mock.mockito.MockitoTestExecutionListener, org.springframework.boot.test.mock.mockito.ResetMocksTestExecutionListener, org.springframework.test.context.web.ServletTestExecutionListener, org.springframework.test.context.support.DirtiesContextBeforeModesTestExecutionListener, org.springframework.test.context.event.ApplicationEventsTestExecutionListener, org.springframework.test.context.support.DependencyInjectionTestExecutionListener, org.springframework.test.context.support.DirtiesContextTestExecutionListener, org.springframework.test.context.transaction.TransactionalTestExecutionListener, org.springframework.test.context.jdbc.SqlScriptsTestExecutionListener, org.springframework.test.context.event.EventPublishingTestExecutionListener]
2022-05-20 17:33:43.353  INFO 58707 --- [    Test worker] .b.t.c.SpringBootTestContextBootstrapper : Using TestExecutionListeners: [org.springframework.test.context.web.ServletTestExecutionListener@136c9fcb, org.springframework.test.context.support.DirtiesContextBeforeModesTestExecutionListener@75d27906, org.springframework.test.context.event.ApplicationEventsTestExecutionListener@585f4e35, org.springframework.boot.test.mock.mockito.MockitoTestExecutionListener@3b9eac97, org.springframework.boot.test.autoconfigure.SpringBootDependencyInjectionTestExecutionListener@4cfbeee8, org.springframework.test.context.support.DirtiesContextTestExecutionListener@2a07b438, org.springframework.test.context.transaction.TransactionalTestExecutionListener@80b69ab, org.springframework.test.context.jdbc.SqlScriptsTestExecutionListener@46bf9629, org.springframework.test.context.event.EventPublishingTestExecutionListener@55a0acb8, org.springframework.boot.test.autoconfigure.restdocs.RestDocsTestExecutionListener@42917440, org.springframework.boot.test.autoconfigure.web.client.MockRestServiceServerResetTestExecutionListener@11041b88, org.springframework.boot.test.autoconfigure.web.servlet.MockMvcPrintOnlyOnFailureTestExecutionListener@2b30c95f, org.springframework.boot.test.autoconfigure.web.servlet.WebDriverTestExecutionListener@7ba565ed, org.springframework.boot.test.autoconfigure.webservices.client.MockWebServiceServerTestExecutionListener@32df2dad, org.springframework.boot.test.mock.mockito.ResetMocksTestExecutionListener@336a825]
]]></system-out>
  <system-err><![CDATA[]]></system-err>
</testsuite>
